--------------------------------
Sat Feb 24 2018 14:10:34
GET /
HEADERS=> {
  "host": "127.0.0.1:50903",
  "accept-encoding": "gzip, deflate",
  "user-agent": "node-superagent/3.8.2",
  "connection": "close"
}
COOKIES=> {}
BODY=> {}
--------------------------------
Sat Feb 24 2018 14:11:05
GET /
HEADERS=> {
  "host": "127.0.0.1:50905",
  "accept-encoding": "gzip, deflate",
  "user-agent": "node-superagent/3.8.2",
  "connection": "close"
}
COOKIES=> {}
BODY=> {}
--------------------------------
Sat Feb 24 2018 14:15:44
GET /
HEADERS=> {
  "host": "127.0.0.1:50913",
  "accept-encoding": "gzip, deflate",
  "user-agent": "node-superagent/3.8.2",
  "connection": "close"
}
COOKIES=> {}
BODY=> {}
--------------------------------
Sat Feb 24 2018 14:16:09
GET /
HEADERS=> {
  "host": "localhost:8000",
  "connection": "keep-alive",
  "cache-control": "max-age=0",
  "upgrade-insecure-requests": "1",
  "user-agent": "Mozilla/5.0 (Macintosh; Intel Mac OS X 10_12_5) AppleWebKit/537.36 (KHTML, like Gecko) Chrome/64.0.3282.167 Safari/537.36",
  "accept": "text/html,application/xhtml+xml,application/xml;q=0.9,image/webp,image/apng,*/*;q=0.8",
  "accept-encoding": "gzip, deflate, br",
  "accept-language": "en-IN,en;q=0.9,en-GB;q=0.8,en-US;q=0.7,kn;q=0.6",
  "if-none-match": "W/\"6f2-54LdCfpY99cSuY0fQ+HK9Bn3lX0\""
}
COOKIES=> {}
BODY=> {}
--------------------------------
Sat Feb 24 2018 14:16:09
GET /css/master.css
HEADERS=> {
  "host": "localhost:8000",
  "connection": "keep-alive",
  "user-agent": "Mozilla/5.0 (Macintosh; Intel Mac OS X 10_12_5) AppleWebKit/537.36 (KHTML, like Gecko) Chrome/64.0.3282.167 Safari/537.36",
  "accept": "text/css,*/*;q=0.1",
  "referer": "http://localhost:8000/",
  "accept-encoding": "gzip, deflate, br",
  "accept-language": "en-IN,en;q=0.9,en-GB;q=0.8,en-US;q=0.7,kn;q=0.6"
}
COOKIES=> {}
BODY=> {}
--------------------------------
Sat Feb 24 2018 14:16:10
GET /favicon.ico
HEADERS=> {
  "host": "localhost:8000",
  "connection": "keep-alive",
  "user-agent": "Mozilla/5.0 (Macintosh; Intel Mac OS X 10_12_5) AppleWebKit/537.36 (KHTML, like Gecko) Chrome/64.0.3282.167 Safari/537.36",
  "accept": "image/webp,image/apng,image/*,*/*;q=0.8",
  "referer": "http://localhost:8000/",
  "accept-encoding": "gzip, deflate, br",
  "accept-language": "en-IN,en;q=0.9,en-GB;q=0.8,en-US;q=0.7,kn;q=0.6"
}
COOKIES=> {}
BODY=> {}
--------------------------------
Sat Feb 24 2018 14:16:59
GET /
HEADERS=> {
  "host": "localhost:8000",
  "connection": "keep-alive",
  "cache-control": "max-age=0",
  "upgrade-insecure-requests": "1",
  "user-agent": "Mozilla/5.0 (Macintosh; Intel Mac OS X 10_12_5) AppleWebKit/537.36 (KHTML, like Gecko) Chrome/64.0.3282.167 Safari/537.36",
  "accept": "text/html,application/xhtml+xml,application/xml;q=0.9,image/webp,image/apng,*/*;q=0.8",
  "accept-encoding": "gzip, deflate, br",
  "accept-language": "en-IN,en;q=0.9,en-GB;q=0.8,en-US;q=0.7,kn;q=0.6",
  "if-none-match": "W/\"677-dKGDY/T99bCUzNM4LL1CFL1vCOA\""
}
COOKIES=> {}
BODY=> {}
--------------------------------
Sat Feb 24 2018 14:16:59
GET /css/master.css
HEADERS=> {
  "host": "localhost:8000",
  "connection": "keep-alive",
  "user-agent": "Mozilla/5.0 (Macintosh; Intel Mac OS X 10_12_5) AppleWebKit/537.36 (KHTML, like Gecko) Chrome/64.0.3282.167 Safari/537.36",
  "accept": "text/css,*/*;q=0.1",
  "referer": "http://localhost:8000/",
  "accept-encoding": "gzip, deflate, br",
  "accept-language": "en-IN,en;q=0.9,en-GB;q=0.8,en-US;q=0.7,kn;q=0.6"
}
COOKIES=> {}
BODY=> {}
--------------------------------
Sat Feb 24 2018 14:17:45
GET /
HEADERS=> {
  "host": "localhost:8000",
  "connection": "keep-alive",
  "cache-control": "max-age=0",
  "upgrade-insecure-requests": "1",
  "user-agent": "Mozilla/5.0 (Macintosh; Intel Mac OS X 10_12_5) AppleWebKit/537.36 (KHTML, like Gecko) Chrome/64.0.3282.167 Safari/537.36",
  "accept": "text/html,application/xhtml+xml,application/xml;q=0.9,image/webp,image/apng,*/*;q=0.8",
  "accept-encoding": "gzip, deflate, br",
  "accept-language": "en-IN,en;q=0.9,en-GB;q=0.8,en-US;q=0.7,kn;q=0.6",
  "if-none-match": "W/\"677-dKGDY/T99bCUzNM4LL1CFL1vCOA\""
}
COOKIES=> {}
BODY=> {}
--------------------------------
Sat Feb 24 2018 14:17:45
GET /css/master.css
HEADERS=> {
  "host": "localhost:8000",
  "connection": "keep-alive",
  "user-agent": "Mozilla/5.0 (Macintosh; Intel Mac OS X 10_12_5) AppleWebKit/537.36 (KHTML, like Gecko) Chrome/64.0.3282.167 Safari/537.36",
  "accept": "text/css,*/*;q=0.1",
  "referer": "http://localhost:8000/",
  "accept-encoding": "gzip, deflate, br",
  "accept-language": "en-IN,en;q=0.9,en-GB;q=0.8,en-US;q=0.7,kn;q=0.6",
  "if-none-match": "W/\"9f8-161c6fe67e8\"",
  "if-modified-since": "Sat, 24 Feb 2018 08:46:57 GMT"
}
COOKIES=> {}
BODY=> {}
--------------------------------
Sat Feb 24 2018 14:17:46
GET /
HEADERS=> {
  "host": "localhost:8000",
  "connection": "keep-alive",
  "cache-control": "max-age=0",
  "upgrade-insecure-requests": "1",
  "user-agent": "Mozilla/5.0 (Macintosh; Intel Mac OS X 10_12_5) AppleWebKit/537.36 (KHTML, like Gecko) Chrome/64.0.3282.167 Safari/537.36",
  "accept": "text/html,application/xhtml+xml,application/xml;q=0.9,image/webp,image/apng,*/*;q=0.8",
  "accept-encoding": "gzip, deflate, br",
  "accept-language": "en-IN,en;q=0.9,en-GB;q=0.8,en-US;q=0.7,kn;q=0.6",
  "if-none-match": "W/\"672-7sQjyVIIR5nNKRYcIOxHtTAg7p0\""
}
COOKIES=> {}
BODY=> {}
--------------------------------
Sat Feb 24 2018 14:17:46
GET /css/master.css
HEADERS=> {
  "host": "localhost:8000",
  "connection": "keep-alive",
  "user-agent": "Mozilla/5.0 (Macintosh; Intel Mac OS X 10_12_5) AppleWebKit/537.36 (KHTML, like Gecko) Chrome/64.0.3282.167 Safari/537.36",
  "accept": "text/css,*/*;q=0.1",
  "referer": "http://localhost:8000/",
  "accept-encoding": "gzip, deflate, br",
  "accept-language": "en-IN,en;q=0.9,en-GB;q=0.8,en-US;q=0.7,kn;q=0.6",
  "if-none-match": "W/\"9f8-161c6fe67e8\"",
  "if-modified-since": "Sat, 24 Feb 2018 08:46:57 GMT"
}
COOKIES=> {}
BODY=> {}
--------------------------------
Sat Feb 24 2018 14:17:47
GET /
HEADERS=> {
  "host": "localhost:8000",
  "connection": "keep-alive",
  "cache-control": "max-age=0",
  "upgrade-insecure-requests": "1",
  "user-agent": "Mozilla/5.0 (Macintosh; Intel Mac OS X 10_12_5) AppleWebKit/537.36 (KHTML, like Gecko) Chrome/64.0.3282.167 Safari/537.36",
  "accept": "text/html,application/xhtml+xml,application/xml;q=0.9,image/webp,image/apng,*/*;q=0.8",
  "accept-encoding": "gzip, deflate, br",
  "accept-language": "en-IN,en;q=0.9,en-GB;q=0.8,en-US;q=0.7,kn;q=0.6",
  "if-none-match": "W/\"672-7sQjyVIIR5nNKRYcIOxHtTAg7p0\""
}
COOKIES=> {}
BODY=> {}
--------------------------------
Sat Feb 24 2018 14:17:47
GET /css/master.css
HEADERS=> {
  "host": "localhost:8000",
  "connection": "keep-alive",
  "user-agent": "Mozilla/5.0 (Macintosh; Intel Mac OS X 10_12_5) AppleWebKit/537.36 (KHTML, like Gecko) Chrome/64.0.3282.167 Safari/537.36",
  "accept": "text/css,*/*;q=0.1",
  "referer": "http://localhost:8000/",
  "accept-encoding": "gzip, deflate, br",
  "accept-language": "en-IN,en;q=0.9,en-GB;q=0.8,en-US;q=0.7,kn;q=0.6",
  "if-none-match": "W/\"9f8-161c6fe67e8\"",
  "if-modified-since": "Sat, 24 Feb 2018 08:46:57 GMT"
}
COOKIES=> {}
BODY=> {}
--------------------------------
Sat Feb 24 2018 14:17:57
GET /
HEADERS=> {
  "host": "127.0.0.1:50962",
  "accept-encoding": "gzip, deflate",
  "user-agent": "node-superagent/3.8.2",
  "connection": "close"
}
COOKIES=> {}
BODY=> {}
--------------------------------
Sat Feb 24 2018 14:18:35
GET /
HEADERS=> {
  "host": "127.0.0.1:50964",
  "accept-encoding": "gzip, deflate",
  "user-agent": "node-superagent/3.8.2",
  "connection": "close"
}
COOKIES=> {}
BODY=> {}
--------------------------------
Sat Feb 24 2018 14:19:18
GET /
HEADERS=> {
  "host": "127.0.0.1:50966",
  "accept-encoding": "gzip, deflate",
  "user-agent": "node-superagent/3.8.2",
  "connection": "close"
}
COOKIES=> {}
BODY=> {}
--------------------------------
Sat Feb 24 2018 14:19:26
GET /
HEADERS=> {
  "host": "127.0.0.1:50968",
  "accept-encoding": "gzip, deflate",
  "user-agent": "node-superagent/3.8.2",
  "connection": "close"
}
COOKIES=> {}
BODY=> {}
--------------------------------
Sat Feb 24 2018 14:19:36
GET /
HEADERS=> {
  "host": "127.0.0.1:50970",
  "accept-encoding": "gzip, deflate",
  "user-agent": "node-superagent/3.8.2",
  "connection": "close"
}
COOKIES=> {}
BODY=> {}
--------------------------------
Sat Feb 24 2018 14:19:59
GET /
HEADERS=> {
  "host": "127.0.0.1:50972",
  "accept-encoding": "gzip, deflate",
  "user-agent": "node-superagent/3.8.2",
  "connection": "close"
}
COOKIES=> {}
BODY=> {}
--------------------------------
Sat Feb 24 2018 14:19:59
GET /land
HEADERS=> {
  "host": "127.0.0.1:50974",
  "accept-encoding": "gzip, deflate",
  "user-agent": "node-superagent/3.8.2",
  "connection": "close"
}
COOKIES=> {}
BODY=> {}
--------------------------------
Sat Feb 24 2018 14:29:35
GET /
HEADERS=> {
  "host": "127.0.0.1:50992",
  "accept-encoding": "gzip, deflate",
  "user-agent": "node-superagent/3.8.2",
  "connection": "close"
}
COOKIES=> {}
BODY=> {}
--------------------------------
Sat Feb 24 2018 14:29:35
GET /land
HEADERS=> {
  "host": "127.0.0.1:50994",
  "accept-encoding": "gzip, deflate",
  "user-agent": "node-superagent/3.8.2",
  "connection": "close"
}
COOKIES=> {}
BODY=> {}
--------------------------------
Sat Feb 24 2018 14:29:35
POST /game/create
HEADERS=> {
  "host": "127.0.0.1:50996",
  "accept-encoding": "gzip, deflate",
  "user-agent": "node-superagent/3.8.2",
  "connection": "close",
  "content-length": "0"
}
COOKIES=> {}
BODY=> {}
--------------------------------
Sat Feb 24 2018 14:34:17
GET /
HEADERS=> {
  "host": "127.0.0.1:51000",
  "accept-encoding": "gzip, deflate",
  "user-agent": "node-superagent/3.8.2",
  "connection": "close"
}
COOKIES=> {}
BODY=> {}
--------------------------------
Sat Feb 24 2018 14:34:17
GET /land
HEADERS=> {
  "host": "127.0.0.1:51002",
  "accept-encoding": "gzip, deflate",
  "user-agent": "node-superagent/3.8.2",
  "connection": "close"
}
COOKIES=> {}
BODY=> {}
--------------------------------
Sat Feb 24 2018 14:34:17
GET /
HEADERS=> {
  "host": "127.0.0.1:51004",
  "accept-encoding": "gzip, deflate",
  "user-agent": "node-superagent/3.8.2",
  "connection": "close"
}
COOKIES=> {}
BODY=> {}
--------------------------------
Sat Feb 24 2018 14:34:17
POST /game/joinGameCreator
HEADERS=> {
  "host": "127.0.0.1:51006",
  "accept-encoding": "gzip, deflate",
  "user-agent": "node-superagent/3.8.2",
  "content-type": "application/x-www-form-urlencoded",
  "content-length": "16",
  "connection": "close"
}
COOKIES=> {}
BODY=> {
  "playerName": "Bhanu"
}
--------------------------------
Sat Feb 24 2018 14:49:10
GET /
HEADERS=> {
  "host": "127.0.0.1:51018",
  "accept-encoding": "gzip, deflate",
  "user-agent": "node-superagent/3.8.2",
  "connection": "close"
}
COOKIES=> {}
BODY=> {}
--------------------------------
Sat Feb 24 2018 14:49:10
GET /land
HEADERS=> {
  "host": "127.0.0.1:51020",
  "accept-encoding": "gzip, deflate",
  "user-agent": "node-superagent/3.8.2",
  "connection": "close"
}
COOKIES=> {}
BODY=> {}
--------------------------------
Sat Feb 24 2018 14:49:10
GET /
HEADERS=> {
  "host": "127.0.0.1:51022",
  "accept-encoding": "gzip, deflate",
  "user-agent": "node-superagent/3.8.2",
  "connection": "close"
}
COOKIES=> {}
BODY=> {}
--------------------------------
Sat Feb 24 2018 14:49:10
POST /game/joinGameCreator
HEADERS=> {
  "host": "127.0.0.1:51024",
  "accept-encoding": "gzip, deflate",
  "user-agent": "node-superagent/3.8.2",
  "content-type": "application/x-www-form-urlencoded",
  "content-length": "16",
  "connection": "close"
}
COOKIES=> {}
BODY=> {
  "playerName": "Bhanu"
}
--------------------------------
Sat Feb 24 2018 14:50:51
GET /
HEADERS=> {
  "host": "127.0.0.1:51039",
  "accept-encoding": "gzip, deflate",
  "user-agent": "node-superagent/3.8.2",
  "connection": "close"
}
COOKIES=> {}
BODY=> {}
--------------------------------
Sat Feb 24 2018 14:50:51
GET /land
HEADERS=> {
  "host": "127.0.0.1:51041",
  "accept-encoding": "gzip, deflate",
  "user-agent": "node-superagent/3.8.2",
  "connection": "close"
}
COOKIES=> {}
BODY=> {}
--------------------------------
Sat Feb 24 2018 14:50:51
GET /
HEADERS=> {
  "host": "127.0.0.1:51043",
  "accept-encoding": "gzip, deflate",
  "user-agent": "node-superagent/3.8.2",
  "connection": "close"
}
COOKIES=> {}
BODY=> {}
--------------------------------
Sat Feb 24 2018 14:50:51
POST /game/joinGameCreator
HEADERS=> {
  "host": "127.0.0.1:51045",
  "accept-encoding": "gzip, deflate",
  "user-agent": "node-superagent/3.8.2",
  "content-type": "application/x-www-form-urlencoded",
  "content-length": "16",
  "connection": "close"
}
COOKIES=> {}
BODY=> {
  "playerName": "Bhanu"
}
--------------------------------
Sat Feb 24 2018 14:51:31
GET /
HEADERS=> {
  "host": "127.0.0.1:51049",
  "accept-encoding": "gzip, deflate",
  "user-agent": "node-superagent/3.8.2",
  "connection": "close"
}
COOKIES=> {}
BODY=> {}
--------------------------------
Sat Feb 24 2018 14:51:31
GET /land
HEADERS=> {
  "host": "127.0.0.1:51051",
  "accept-encoding": "gzip, deflate",
  "user-agent": "node-superagent/3.8.2",
  "connection": "close"
}
COOKIES=> {}
BODY=> {}
--------------------------------
Sat Feb 24 2018 14:51:31
GET /
HEADERS=> {
  "host": "127.0.0.1:51053",
  "accept-encoding": "gzip, deflate",
  "user-agent": "node-superagent/3.8.2",
  "connection": "close"
}
COOKIES=> {}
BODY=> {}
--------------------------------
Sat Feb 24 2018 14:51:31
POST /game/joinGameCreator
HEADERS=> {
  "host": "127.0.0.1:51055",
  "accept-encoding": "gzip, deflate",
  "user-agent": "node-superagent/3.8.2",
  "content-type": "application/x-www-form-urlencoded",
  "content-length": "16",
  "connection": "close"
}
COOKIES=> {}
BODY=> {
  "playerName": "Bhanu"
}
--------------------------------
Sat Feb 24 2018 14:52:48
GET /
HEADERS=> {
  "host": "127.0.0.1:51059",
  "accept-encoding": "gzip, deflate",
  "user-agent": "node-superagent/3.8.2",
  "connection": "close"
}
COOKIES=> {}
BODY=> {}
--------------------------------
Sat Feb 24 2018 14:52:48
GET /land
HEADERS=> {
  "host": "127.0.0.1:51061",
  "accept-encoding": "gzip, deflate",
  "user-agent": "node-superagent/3.8.2",
  "connection": "close"
}
COOKIES=> {}
BODY=> {}
--------------------------------
Sat Feb 24 2018 14:52:48
GET /
HEADERS=> {
  "host": "127.0.0.1:51063",
  "accept-encoding": "gzip, deflate",
  "user-agent": "node-superagent/3.8.2",
  "connection": "close"
}
COOKIES=> {}
BODY=> {}
--------------------------------
Sat Feb 24 2018 14:52:48
POST /game/joinGameCreator
HEADERS=> {
  "host": "127.0.0.1:51065",
  "accept-encoding": "gzip, deflate",
  "user-agent": "node-superagent/3.8.2",
  "content-type": "application/x-www-form-urlencoded",
  "content-length": "16",
  "connection": "close"
}
COOKIES=> {}
BODY=> {
  "playerName": "Bhanu"
}
--------------------------------
Sat Feb 24 2018 14:53:04
GET /
HEADERS=> {
  "host": "127.0.0.1:51067",
  "accept-encoding": "gzip, deflate",
  "user-agent": "node-superagent/3.8.2",
  "connection": "close"
}
COOKIES=> {}
BODY=> {}
--------------------------------
Sat Feb 24 2018 14:53:04
GET /land
HEADERS=> {
  "host": "127.0.0.1:51069",
  "accept-encoding": "gzip, deflate",
  "user-agent": "node-superagent/3.8.2",
  "connection": "close"
}
COOKIES=> {}
BODY=> {}
--------------------------------
Sat Feb 24 2018 14:53:04
GET /
HEADERS=> {
  "host": "127.0.0.1:51071",
  "accept-encoding": "gzip, deflate",
  "user-agent": "node-superagent/3.8.2",
  "connection": "close"
}
COOKIES=> {}
BODY=> {}
--------------------------------
Sat Feb 24 2018 14:53:04
POST /game/joinGameCreator
HEADERS=> {
  "host": "127.0.0.1:51073",
  "accept-encoding": "gzip, deflate",
  "user-agent": "node-superagent/3.8.2",
  "content-type": "application/x-www-form-urlencoded",
  "content-length": "16",
  "connection": "close"
}
COOKIES=> {}
BODY=> {
  "playerName": "Bhanu"
}
--------------------------------
Sat Feb 24 2018 14:57:29
GET /
HEADERS=> {
  "host": "127.0.0.1:51088",
  "accept-encoding": "gzip, deflate",
  "user-agent": "node-superagent/3.8.2",
  "connection": "close"
}
COOKIES=> {}
BODY=> {}
--------------------------------
Sat Feb 24 2018 14:57:29
GET /land
HEADERS=> {
  "host": "127.0.0.1:51090",
  "accept-encoding": "gzip, deflate",
  "user-agent": "node-superagent/3.8.2",
  "connection": "close"
}
COOKIES=> {}
BODY=> {}
--------------------------------
Sat Feb 24 2018 14:57:29
GET /
HEADERS=> {
  "host": "127.0.0.1:51092",
  "accept-encoding": "gzip, deflate",
  "user-agent": "node-superagent/3.8.2",
  "connection": "close"
}
COOKIES=> {}
BODY=> {}
--------------------------------
Sat Feb 24 2018 14:57:29
POST /game/joinGameCreator
HEADERS=> {
  "host": "127.0.0.1:51094",
  "accept-encoding": "gzip, deflate",
  "user-agent": "node-superagent/3.8.2",
  "content-type": "application/x-www-form-urlencoded",
  "content-length": "16",
  "connection": "close"
}
COOKIES=> {}
BODY=> {
  "playerName": "Bhanu"
}
--------------------------------
Sat Feb 24 2018 15:02:29
GET /
HEADERS=> {
  "host": "127.0.0.1:51131",
  "accept-encoding": "gzip, deflate",
  "user-agent": "node-superagent/3.8.2",
  "connection": "close"
}
COOKIES=> {}
BODY=> {}
--------------------------------
Sat Feb 24 2018 15:02:29
GET /land
HEADERS=> {
  "host": "127.0.0.1:51133",
  "accept-encoding": "gzip, deflate",
  "user-agent": "node-superagent/3.8.2",
  "connection": "close"
}
COOKIES=> {}
BODY=> {}
--------------------------------
Sat Feb 24 2018 15:02:29
GET /
HEADERS=> {
  "host": "127.0.0.1:51135",
  "accept-encoding": "gzip, deflate",
  "user-agent": "node-superagent/3.8.2",
  "connection": "close"
}
COOKIES=> {}
BODY=> {}
--------------------------------
Sat Feb 24 2018 15:02:29
POST /game/joinGameCreator
HEADERS=> {
  "host": "127.0.0.1:51137",
  "accept-encoding": "gzip, deflate",
  "user-agent": "node-superagent/3.8.2",
  "content-type": "application/x-www-form-urlencoded",
  "content-length": "16",
  "connection": "close"
}
COOKIES=> {}
BODY=> {
  "playerName": "Bhanu"
}
--------------------------------
Sat Feb 24 2018 15:02:54
GET /
HEADERS=> {
  "host": "127.0.0.1:51139",
  "accept-encoding": "gzip, deflate",
  "user-agent": "node-superagent/3.8.2",
  "connection": "close"
}
COOKIES=> {}
BODY=> {}
--------------------------------
Sat Feb 24 2018 15:02:54
GET /land
HEADERS=> {
  "host": "127.0.0.1:51141",
  "accept-encoding": "gzip, deflate",
  "user-agent": "node-superagent/3.8.2",
  "connection": "close"
}
COOKIES=> {}
BODY=> {}
--------------------------------
Sat Feb 24 2018 15:02:54
GET /
HEADERS=> {
  "host": "127.0.0.1:51143",
  "accept-encoding": "gzip, deflate",
  "user-agent": "node-superagent/3.8.2",
  "connection": "close"
}
COOKIES=> {}
BODY=> {}
--------------------------------
Sat Feb 24 2018 15:02:54
POST /game/joinGameCreator
HEADERS=> {
  "host": "127.0.0.1:51145",
  "accept-encoding": "gzip, deflate",
  "user-agent": "node-superagent/3.8.2",
  "content-type": "application/x-www-form-urlencoded",
  "content-length": "16",
  "connection": "close"
}
COOKIES=> {}
BODY=> {
  "playerName": "Bhanu"
}
--------------------------------
Sat Feb 24 2018 15:04:02
GET /
HEADERS=> {
  "host": "127.0.0.1:51147",
  "accept-encoding": "gzip, deflate",
  "user-agent": "node-superagent/3.8.2",
  "connection": "close"
}
COOKIES=> {}
BODY=> {}
--------------------------------
Sat Feb 24 2018 15:04:02
GET /land
HEADERS=> {
  "host": "127.0.0.1:51149",
  "accept-encoding": "gzip, deflate",
  "user-agent": "node-superagent/3.8.2",
  "connection": "close"
}
COOKIES=> {}
BODY=> {}
--------------------------------
Sat Feb 24 2018 15:04:02
GET /
HEADERS=> {
  "host": "127.0.0.1:51151",
  "accept-encoding": "gzip, deflate",
  "user-agent": "node-superagent/3.8.2",
  "connection": "close"
}
COOKIES=> {}
BODY=> {}
--------------------------------
Sat Feb 24 2018 15:04:02
POST /game/joinGameCreator
HEADERS=> {
  "host": "127.0.0.1:51153",
  "accept-encoding": "gzip, deflate",
  "user-agent": "node-superagent/3.8.2",
  "content-type": "application/x-www-form-urlencoded",
  "content-length": "16",
  "connection": "close"
}
COOKIES=> {}
BODY=> {
  "playerName": "Bhanu"
}
--------------------------------
Sat Feb 24 2018 15:07:45
GET /
HEADERS=> {
  "host": "127.0.0.1:51160",
  "accept-encoding": "gzip, deflate",
  "user-agent": "node-superagent/3.8.2",
  "connection": "close"
}
COOKIES=> {}
BODY=> {}
--------------------------------
Sat Feb 24 2018 15:07:45
GET /land
HEADERS=> {
  "host": "127.0.0.1:51162",
  "accept-encoding": "gzip, deflate",
  "user-agent": "node-superagent/3.8.2",
  "connection": "close"
}
COOKIES=> {}
BODY=> {}
--------------------------------
Sat Feb 24 2018 15:07:45
GET /
HEADERS=> {
  "host": "127.0.0.1:51164",
  "accept-encoding": "gzip, deflate",
  "user-agent": "node-superagent/3.8.2",
  "connection": "close"
}
COOKIES=> {}
BODY=> {}
--------------------------------
Sat Feb 24 2018 15:07:45
POST /game/joinGameCreator
HEADERS=> {
  "host": "127.0.0.1:51166",
  "accept-encoding": "gzip, deflate",
  "user-agent": "node-superagent/3.8.2",
  "content-type": "application/x-www-form-urlencoded",
  "content-length": "16",
  "connection": "close"
}
COOKIES=> {}
BODY=> {
  "playerName": "Bhanu"
}
--------------------------------
Sat Feb 24 2018 15:09:18
GET /
HEADERS=> {
  "host": "127.0.0.1:51168",
  "accept-encoding": "gzip, deflate",
  "user-agent": "node-superagent/3.8.2",
  "connection": "close"
}
COOKIES=> {}
BODY=> {}
--------------------------------
Sat Feb 24 2018 15:09:18
GET /land
HEADERS=> {
  "host": "127.0.0.1:51170",
  "accept-encoding": "gzip, deflate",
  "user-agent": "node-superagent/3.8.2",
  "connection": "close"
}
COOKIES=> {}
BODY=> {}
--------------------------------
Sat Feb 24 2018 15:09:18
GET /
HEADERS=> {
  "host": "127.0.0.1:51172",
  "accept-encoding": "gzip, deflate",
  "user-agent": "node-superagent/3.8.2",
  "connection": "close"
}
COOKIES=> {}
BODY=> {}
--------------------------------
Sat Feb 24 2018 15:09:18
POST /game/joinGameCreator
HEADERS=> {
  "host": "127.0.0.1:51174",
  "accept-encoding": "gzip, deflate",
  "user-agent": "node-superagent/3.8.2",
  "content-type": "application/x-www-form-urlencoded",
  "content-length": "16",
  "connection": "close"
}
COOKIES=> {}
BODY=> {
  "playerName": "Bhanu"
}
--------------------------------
Sat Feb 24 2018 15:09:22
GET /
HEADERS=> {
  "host": "127.0.0.1:51176",
  "accept-encoding": "gzip, deflate",
  "user-agent": "node-superagent/3.8.2",
  "connection": "close"
}
COOKIES=> {}
BODY=> {}
--------------------------------
Sat Feb 24 2018 15:09:22
GET /land
HEADERS=> {
  "host": "127.0.0.1:51178",
  "accept-encoding": "gzip, deflate",
  "user-agent": "node-superagent/3.8.2",
  "connection": "close"
}
COOKIES=> {}
BODY=> {}
--------------------------------
Sat Feb 24 2018 15:09:22
GET /
HEADERS=> {
  "host": "127.0.0.1:51180",
  "accept-encoding": "gzip, deflate",
  "user-agent": "node-superagent/3.8.2",
  "connection": "close"
}
COOKIES=> {}
BODY=> {}
--------------------------------
Sat Feb 24 2018 15:09:22
POST /game/joinGameCreator
HEADERS=> {
  "host": "127.0.0.1:51182",
  "accept-encoding": "gzip, deflate",
  "user-agent": "node-superagent/3.8.2",
  "content-type": "application/x-www-form-urlencoded",
  "content-length": "16",
  "connection": "close"
}
COOKIES=> {}
BODY=> {
  "playerName": "Bhanu"
}
--------------------------------
Sat Feb 24 2018 15:09:56
GET /
HEADERS=> {
  "host": "127.0.0.1:51184",
  "accept-encoding": "gzip, deflate",
  "user-agent": "node-superagent/3.8.2",
  "connection": "close"
}
COOKIES=> {}
BODY=> {}
--------------------------------
Sat Feb 24 2018 15:09:56
GET /land
HEADERS=> {
  "host": "127.0.0.1:51186",
  "accept-encoding": "gzip, deflate",
  "user-agent": "node-superagent/3.8.2",
  "connection": "close"
}
COOKIES=> {}
BODY=> {}
--------------------------------
Sat Feb 24 2018 15:09:56
GET /
HEADERS=> {
  "host": "127.0.0.1:51188",
  "accept-encoding": "gzip, deflate",
  "user-agent": "node-superagent/3.8.2",
  "connection": "close"
}
COOKIES=> {}
BODY=> {}
--------------------------------
Sat Feb 24 2018 15:09:56
POST /game/joinGameCreator
HEADERS=> {
  "host": "127.0.0.1:51190",
  "accept-encoding": "gzip, deflate",
  "user-agent": "node-superagent/3.8.2",
  "content-type": "application/x-www-form-urlencoded",
  "content-length": "16",
  "connection": "close"
}
COOKIES=> {}
BODY=> {
  "playerName": "Bhanu"
}
